#
# A fatal error has been detected by the Java Runtime Environment:
#
#  Internal Error (javaClasses.cpp:129), pid=19481, tid=140066425870080
#  fatal error: Invalid layout of preloaded class
#
# JRE version: 7.0_25-b15
# Java VM: Java HotSpot(TM) 64-Bit Server VM (23.25-b01 mixed mode linux-amd64 compressed oops)
# Failed to write core dump. Core dumps have been disabled. To enable core dumping, try "ulimit -c unlimited" before starting Java again
#
# If you would like to submit a bug report, please visit:
#   http://bugreport.sun.com/bugreport/crash.jsp
#

---------------  T H R E A D  ---------------

Current thread (0x00007f63b8009000):  JavaThread "Unknown thread" [_thread_in_vm, id=19487, stack(0x00007f63c17f1000,0x00007f63c18f2000)]

Stack: [0x00007f63c17f1000,0x00007f63c18f2000],  sp=0x00007f63c18f07a0,  free space=1021k
Native frames: (J=compiled Java code, j=interpreted, Vv=VM code, C=native code)
V  [libjvm.so+0x8a1d3a]  VMError::report_and_die()+0x2ea
V  [libjvm.so+0x407539]  report_fatal(char const*, int, char const*)+0x59
V  [libjvm.so+0x551f47]  compute_offset(int&, klassOopDesc*, Symbol*, Symbol*, bool)+0x137
V  [libjvm.so+0x553169]  java_lang_String::compute_offsets()+0x39
V  [libjvm.so+0x830ea3]  SystemDictionary::initialize_preloaded_classes(Thread*)+0x143
V  [libjvm.so+0x87cf44]  Universe::genesis(Thread*)+0x474
V  [libjvm.so+0x87d3f4]  universe2_init()+0x24
V  [libjvm.so+0x50036d]  init_globals()+0xbd
V  [libjvm.so+0x863a62]  Threads::create_vm(JavaVMInitArgs*, bool*)+0x1e2
V  [libjvm.so+0x55ff34]  JNI_CreateJavaVM+0x74
C  [libjli.so+0x2f8e]  JavaMain+0x9e


---------------  P R O C E S S  ---------------

Java Threads: ( => current thread )

Other Threads:

=>0x00007f63b8009000 (exited) JavaThread "Unknown thread" [_thread_in_vm, id=19487, stack(0x00007f63c17f1000,0x00007f63c18f2000)]

VM state:not at safepoint (not fully initialized)

VM Mutex/Monitor currently owned by a thread: None

GC Heap History (0 events):
No events

Deoptimization events (0 events):
No events

Internal exceptions (0 events):
No events

Events (10 events):
Event: 0.024 loading class 0x00007f63b802cb60 done
Event: 0.024 loading class 0x00007f63b802c400 done
Event: 0.024 loading class 0x00007f63b802c3d0
Event: 0.025 loading class 0x00007f63b8057740
Event: 0.025 loading class 0x00007f63b8057740 done
Event: 0.025 loading class 0x00007f63b8057780
Event: 0.025 loading class 0x00007f63b8057780 done
Event: 0.025 loading class 0x00007f63b80577c0
Event: 0.025 loading class 0x00007f63b80577c0 done
Event: 0.025 loading class 0x00007f63b802c3d0 done


Dynamic libraries:
00400000-00401000 r-xp 00000000 08:11 2139404                            /usr/lib/jvm/java-7-oracle/jre/bin/java
00600000-00601000 rw-p 00000000 08:11 2139404                            /usr/lib/jvm/java-7-oracle/jre/bin/java
023fb000-0241c000 rw-p 00000000 00:00 0                                  [heap]
bd000000-be4c0000 rw-p 00000000 00:00 0 
be4c0000-c2200000 rw-p 00000000 00:00 0 
c2200000-c4b40000 rw-p 00000000 00:00 0 
c4b40000-eb600000 rw-p 00000000 00:00 0 
eb600000-eca90000 rw-p 00000000 00:00 0 
eca90000-100000000 rw-p 00000000 00:00 0 
7f6398000000-7f6398021000 rw-p 00000000 00:00 0 
7f6398021000-7f639c000000 ---p 00000000 00:00 0 
7f63a0000000-7f63a0021000 rw-p 00000000 00:00 0 
7f63a0021000-7f63a4000000 ---p 00000000 00:00 0 
7f63a8000000-7f63a8021000 rw-p 00000000 00:00 0 
7f63a8021000-7f63ac000000 ---p 00000000 00:00 0 
7f63ac000000-7f63ac021000 rw-p 00000000 00:00 0 
7f63ac021000-7f63b0000000 ---p 00000000 00:00 0 
7f63b0000000-7f63b0021000 rw-p 00000000 00:00 0 
7f63b0021000-7f63b4000000 ---p 00000000 00:00 0 
7f63b4666000-7f63b5000000 rw-p 00000000 00:00 0 
7f63b5000000-7f63b5270000 rwxp 00000000 00:00 0 
7f63b5270000-7f63b8061000 rw-p 00000000 00:00 0 
7f63b8061000-7f63bc000000 ---p 00000000 00:00 0 
7f63bc049000-7f63bc13e000 rw-p 00000000 00:00 0 
7f63bc13e000-7f63bc208000 r--s 011ad000 08:11 2774287                    /home/lexruee/tools/android-sdk-linux/platforms/android-18/android.jar
7f63bc208000-7f63be3b0000 rw-p 00000000 00:00 0 
7f63be3b0000-7f63be3b1000 ---p 00000000 00:00 0 
7f63be3b1000-7f63be4b1000 rw-p 00000000 00:00 0                          [stack:19492]
7f63be4b1000-7f63be4b2000 ---p 00000000 00:00 0 
7f63be4b2000-7f63be5b2000 rw-p 00000000 00:00 0                          [stack:19491]
7f63be5b2000-7f63be5b3000 ---p 00000000 00:00 0 
7f63be5b3000-7f63be6b3000 rw-p 00000000 00:00 0                          [stack:19490]
7f63be6b3000-7f63be6b4000 ---p 00000000 00:00 0 
7f63be6b4000-7f63be7b4000 rw-p 00000000 00:00 0                          [stack:19489]
7f63be7b4000-7f63be7b5000 ---p 00000000 00:00 0 
7f63be7b5000-7f63be8c0000 rw-p 00000000 00:00 0                          [stack:19488]
7f63be8c0000-7f63be8de000 rw-p 00000000 00:00 0 
7f63be8de000-7f63be8f3000 rw-p 00000000 00:00 0 
7f63be8f3000-7f63bea28000 rw-p 00000000 00:00 0 
7f63bea28000-7f63bea33000 rw-p 00000000 00:00 0 
7f63bea33000-7f63bea51000 rw-p 00000000 00:00 0 
7f63bea51000-7f63bea66000 rw-p 00000000 00:00 0 
7f63bea66000-7f63beb9b000 rw-p 00000000 00:00 0 
7f63beb9b000-7f63beba6000 rw-p 00000000 00:00 0 
7f63beba6000-7f63bec40000 rw-p 00000000 00:00 0 
7f63bec40000-7f63bec41000 rw-p 00000000 00:00 0 
7f63bec41000-7f63bec5c000 r-xp 00000000 08:11 2140080                    /usr/lib/jvm/java-7-oracle/jre/lib/amd64/libzip.so
7f63bec5c000-7f63bee5b000 ---p 0001b000 08:11 2140080                    /usr/lib/jvm/java-7-oracle/jre/lib/amd64/libzip.so
7f63bee5b000-7f63bee5c000 rw-p 0001a000 08:11 2140080                    /usr/lib/jvm/java-7-oracle/jre/lib/amd64/libzip.so
7f63bee5c000-7f63bee68000 r-xp 00000000 08:11 134954                     /lib/x86_64-linux-gnu/libnss_files-2.17.so
7f63bee68000-7f63bf067000 ---p 0000c000 08:11 134954                     /lib/x86_64-linux-gnu/libnss_files-2.17.so
7f63bf067000-7f63bf068000 r--p 0000b000 08:11 134954                     /lib/x86_64-linux-gnu/libnss_files-2.17.so
7f63bf068000-7f63bf069000 rw-p 0000c000 08:11 134954                     /lib/x86_64-linux-gnu/libnss_files-2.17.so
7f63bf069000-7f63bf074000 r-xp 00000000 08:11 134958                     /lib/x86_64-linux-gnu/libnss_nis-2.17.so
7f63bf074000-7f63bf273000 ---p 0000b000 08:11 134958                     /lib/x86_64-linux-gnu/libnss_nis-2.17.so
7f63bf273000-7f63bf274000 r--p 0000a000 08:11 134958                     /lib/x86_64-linux-gnu/libnss_nis-2.17.so
7f63bf274000-7f63bf275000 rw-p 0000b000 08:11 134958                     /lib/x86_64-linux-gnu/libnss_nis-2.17.so
7f63bf275000-7f63bf28c000 r-xp 00000000 08:11 134948                     /lib/x86_64-linux-gnu/libnsl-2.17.so
7f63bf28c000-7f63bf48b000 ---p 00017000 08:11 134948                     /lib/x86_64-linux-gnu/libnsl-2.17.so
7f63bf48b000-7f63bf48c000 r--p 00016000 08:11 134948                     /lib/x86_64-linux-gnu/libnsl-2.17.so
7f63bf48c000-7f63bf48d000 rw-p 00017000 08:11 134948                     /lib/x86_64-linux-gnu/libnsl-2.17.so
7f63bf48d000-7f63bf48f000 rw-p 00000000 00:00 0 
7f63bf48f000-7f63bf497000 r-xp 00000000 08:11 134950                     /lib/x86_64-linux-gnu/libnss_compat-2.17.so
7f63bf497000-7f63bf696000 ---p 00008000 08:11 134950                     /lib/x86_64-linux-gnu/libnss_compat-2.17.so
7f63bf696000-7f63bf697000 r--p 00007000 08:11 134950                     /lib/x86_64-linux-gnu/libnss_compat-2.17.so
7f63bf697000-7f63bf698000 rw-p 00008000 08:11 134950                     /lib/x86_64-linux-gnu/libnss_compat-2.17.so
7f63bf698000-7f63bf6c1000 r-xp 00000000 08:11 2140104                    /usr/lib/jvm/java-7-oracle/jre/lib/amd64/libjava.so
7f63bf6c1000-7f63bf8c1000 ---p 00029000 08:11 2140104                    /usr/lib/jvm/java-7-oracle/jre/lib/amd64/libjava.so
7f63bf8c1000-7f63bf8c3000 rw-p 00029000 08:11 2140104                    /usr/lib/jvm/java-7-oracle/jre/lib/amd64/libjava.so
7f63bf8c3000-7f63bf8d0000 r-xp 00000000 08:11 2140098                    /usr/lib/jvm/java-7-oracle/jre/lib/amd64/libverify.so
7f63bf8d0000-7f63bfacf000 ---p 0000d000 08:11 2140098                    /usr/lib/jvm/java-7-oracle/jre/lib/amd64/libverify.so
7f63bfacf000-7f63bfad1000 rw-p 0000c000 08:11 2140098                    /usr/lib/jvm/java-7-oracle/jre/lib/amd64/libverify.so
7f63bfad1000-7f63bfad8000 r-xp 00000000 08:11 135001                     /lib/x86_64-linux-gnu/librt-2.17.so
7f63bfad8000-7f63bfcd7000 ---p 00007000 08:11 135001                     /lib/x86_64-linux-gnu/librt-2.17.so
7f63bfcd7000-7f63bfcd8000 r--p 00006000 08:11 135001                     /lib/x86_64-linux-gnu/librt-2.17.so
7f63bfcd8000-7f63bfcd9000 rw-p 00007000 08:11 135001                     /lib/x86_64-linux-gnu/librt-2.17.so
7f63bfcd9000-7f63bfddc000 r-xp 00000000 08:11 134929                     /lib/x86_64-linux-gnu/libm-2.17.so
7f63bfddc000-7f63bffdc000 ---p 00103000 08:11 134929                     /lib/x86_64-linux-gnu/libm-2.17.so
7f63bffdc000-7f63bffdd000 r--p 00103000 08:11 134929                     /lib/x86_64-linux-gnu/libm-2.17.so
7f63bffdd000-7f63bffde000 rw-p 00104000 08:11 134929                     /lib/x86_64-linux-gnu/libm-2.17.so
7f63bffde000-7f63c0a1f000 r-xp 00000000 08:11 2140072                    /usr/lib/jvm/java-7-oracle/jre/lib/amd64/server/libjvm.so
7f63c0a1f000-7f63c0c1f000 ---p 00a41000 08:11 2140072                    /usr/lib/jvm/java-7-oracle/jre/lib/amd64/server/libjvm.so
7f63c0c1f000-7f63c0cc2000 rw-p 00a41000 08:11 2140072                    /usr/lib/jvm/java-7-oracle/jre/lib/amd64/server/libjvm.so
7f63c0cc2000-7f63c0cfe000 rw-p 00000000 00:00 0 
7f63c0cfe000-7f63c0ebc000 r-xp 00000000 08:11 134881                     /lib/x86_64-linux-gnu/libc-2.17.so
7f63c0ebc000-7f63c10bb000 ---p 001be000 08:11 134881                     /lib/x86_64-linux-gnu/libc-2.17.so
7f63c10bb000-7f63c10bf000 r--p 001bd000 08:11 134881                     /lib/x86_64-linux-gnu/libc-2.17.so
7f63c10bf000-7f63c10c1000 rw-p 001c1000 08:11 134881                     /lib/x86_64-linux-gnu/libc-2.17.so
7f63c10c1000-7f63c10c6000 rw-p 00000000 00:00 0 
7f63c10c6000-7f63c10c9000 r-xp 00000000 08:11 134896                     /lib/x86_64-linux-gnu/libdl-2.17.so
7f63c10c9000-7f63c12c8000 ---p 00003000 08:11 134896                     /lib/x86_64-linux-gnu/libdl-2.17.so
7f63c12c8000-7f63c12c9000 r--p 00002000 08:11 134896                     /lib/x86_64-linux-gnu/libdl-2.17.so
7f63c12c9000-7f63c12ca000 rw-p 00003000 08:11 134896                     /lib/x86_64-linux-gnu/libdl-2.17.so
7f63c12ca000-7f63c12e0000 r-xp 00000000 08:11 2140086                    /usr/lib/jvm/java-7-oracle/jre/lib/amd64/jli/libjli.so
7f63c12e0000-7f63c14e0000 ---p 00016000 08:11 2140086                    /usr/lib/jvm/java-7-oracle/jre/lib/amd64/jli/libjli.so
7f63c14e0000-7f63c14e1000 rw-p 00016000 08:11 2140086                    /usr/lib/jvm/java-7-oracle/jre/lib/amd64/jli/libjli.so
7f63c14e1000-7f63c14f9000 r-xp 00000000 08:11 134993                     /lib/x86_64-linux-gnu/libpthread-2.17.so
7f63c14f9000-7f63c16f8000 ---p 00018000 08:11 134993                     /lib/x86_64-linux-gnu/libpthread-2.17.so
7f63c16f8000-7f63c16f9000 r--p 00017000 08:11 134993                     /lib/x86_64-linux-gnu/libpthread-2.17.so
7f63c16f9000-7f63c16fa000 rw-p 00018000 08:11 134993                     /lib/x86_64-linux-gnu/libpthread-2.17.so
7f63c16fa000-7f63c16fe000 rw-p 00000000 00:00 0 
7f63c16fe000-7f63c1721000 r-xp 00000000 08:11 134857                     /lib/x86_64-linux-gnu/ld-2.17.so
7f63c1731000-7f63c173b000 rw-p 00000000 00:00 0 
7f63c173b000-7f63c17f1000 rw-p 00000000 00:00 0 
7f63c17f1000-7f63c17f4000 ---p 00000000 00:00 0 
7f63c17f4000-7f63c18f6000 rw-p 00000000 00:00 0                          [stack:19487]
7f63c1912000-7f63c1914000 rw-p 00000000 00:00 0 
7f63c1914000-7f63c191c000 rw-s 00000000 08:11 1573035                    /tmp/hsperfdata_lexruee/19481
7f63c191c000-7f63c191d000 rw-p 00000000 00:00 0 
7f63c191d000-7f63c191e000 r--p 00000000 00:00 0 
7f63c191e000-7f63c1920000 rw-p 00000000 00:00 0 
7f63c1920000-7f63c1921000 r--p 00022000 08:11 134857                     /lib/x86_64-linux-gnu/ld-2.17.so
7f63c1921000-7f63c1923000 rw-p 00023000 08:11 134857                     /lib/x86_64-linux-gnu/ld-2.17.so
7fffc03bd000-7fffc03de000 rw-p 00000000 00:00 0                          [stack]
7fffc03fe000-7fffc0400000 r-xp 00000000 00:00 0                          [vdso]
ffffffffff600000-ffffffffff601000 r-xp 00000000 00:00 0                  [vsyscall]

VM Arguments:
jvm_args: -Dfile.encoding=UTF-8 -Xbootclasspath:/home/lexruee/tools/android-sdk-linux/platforms/android-18/android.jar 
java_command: org.eclipse.jdt.internal.junit.runner.RemoteTestRunner -version 3 -port 44580 -testLoaderClass org.eclipse.jdt.internal.junit4.runner.JUnit4TestLoader -loaderpluginname org.eclipse.jdt.junit4.runtime -classNames ch.xonix.querybuilder.test.QueryBuilderTest
Launcher Type: SUN_STANDARD

Environment Variables:
PATH=/usr/local/sbin:/usr/local/bin:/usr/sbin:/usr/bin:/sbin:/bin:/usr/games:/usr/local/games:/home/lexruee/projects/cakephp/lib/Cake/Console:/home/lexruee/sbt/bin
USERNAME=lexruee
SHELL=/bin/bash
DISPLAY=:0

Signal Handlers:
SIGSEGV: [libjvm.so+0x8a26a0], sa_mask[0]=0x7ffbfeff, sa_flags=0x10000004
SIGBUS: [libjvm.so+0x8a26a0], sa_mask[0]=0x7ffbfeff, sa_flags=0x10000004
SIGFPE: [libjvm.so+0x73f3d0], sa_mask[0]=0x7ffbfeff, sa_flags=0x10000004
SIGPIPE: [libjvm.so+0x73f3d0], sa_mask[0]=0x7ffbfeff, sa_flags=0x10000004
SIGXFSZ: [libjvm.so+0x73f3d0], sa_mask[0]=0x7ffbfeff, sa_flags=0x10000004
SIGILL: [libjvm.so+0x73f3d0], sa_mask[0]=0x7ffbfeff, sa_flags=0x10000004
SIGUSR1: SIG_DFL, sa_mask[0]=0x00000000, sa_flags=0x00000000
SIGUSR2: [libjvm.so+0x73ed20], sa_mask[0]=0x00000004, sa_flags=0x10000004
SIGHUP: SIG_DFL, sa_mask[0]=0x00000000, sa_flags=0x00000000
SIGINT: SIG_DFL, sa_mask[0]=0x00000000, sa_flags=0x00000000
SIGTERM: SIG_DFL, sa_mask[0]=0x00000000, sa_flags=0x00000000
SIGQUIT: SIG_DFL, sa_mask[0]=0x00000000, sa_flags=0x00000000


---------------  S Y S T E M  ---------------

OS:wheezy/sid

uname:Linux 3.8.0-26-generic #38-Ubuntu SMP Mon Jun 17 21:43:33 UTC 2013 x86_64
libc:glibc 2.17 NPTL 2.17 
rlimit: STACK 8192k, CORE 0k, NPROC 30840, NOFILE 4096, AS infinity
load average:0.42 0.72 0.90

/proc/meminfo:
MemTotal:        4047984 kB
MemFree:          132420 kB
Buffers:           11276 kB
Cached:           260856 kB
SwapCached:        71896 kB
Active:          2589832 kB
Inactive:         986832 kB
Active(anon):    2494068 kB
Inactive(anon):   833212 kB
Active(file):      95764 kB
Inactive(file):   153620 kB
Unevictable:           0 kB
Mlocked:               0 kB
SwapTotal:       4191228 kB
SwapFree:        3571944 kB
Dirty:               668 kB
Writeback:             0 kB
AnonPages:       3267084 kB
Mapped:            87588 kB
Shmem:             22620 kB
Slab:              70680 kB
SReclaimable:      35924 kB
SUnreclaim:        34756 kB
KernelStack:        4600 kB
PageTables:        50856 kB
NFS_Unstable:          0 kB
Bounce:                0 kB
WritebackTmp:          0 kB
CommitLimit:     6215220 kB
Committed_AS:    7266240 kB
VmallocTotal:   34359738367 kB
VmallocUsed:      287840 kB
VmallocChunk:   34359357152 kB
HardwareCorrupted:     0 kB
AnonHugePages:         0 kB
HugePages_Total:       0
HugePages_Free:        0
HugePages_Rsvd:        0
HugePages_Surp:        0
Hugepagesize:       2048 kB
DirectMap4k:       66112 kB
DirectMap2M:     2029568 kB
DirectMap1G:     2097152 kB


CPU:total 5 (5 cores per cpu, 1 threads per core) family 16 model 10 stepping 0, cmov, cx8, fxsr, mmx, sse, sse2, sse3, popcnt, mmxext, 3dnowpref, lzcnt, sse4a, tsc, tscinvbit, tscinv

/proc/cpuinfo:
processor	: 0
vendor_id	: AuthenticAMD
cpu family	: 16
model		: 10
model name	: AMD Phenom(tm) II X6 1055T Processor
stepping	: 0
microcode	: 0x10000dc
cpu MHz		: 1500.000
cache size	: 512 KB
physical id	: 0
siblings	: 5
core id		: 0
cpu cores	: 5
apicid		: 0
initial apicid	: 0
fpu		: yes
fpu_exception	: yes
cpuid level	: 6
wp		: yes
flags		: fpu vme de pse tsc msr pae mce cx8 apic sep mtrr pge mca cmov pat pse36 clflush mmx fxsr sse sse2 ht syscall nx mmxext fxsr_opt pdpe1gb rdtscp lm 3dnowext 3dnow constant_tsc rep_good nopl nonstop_tsc extd_apicid aperfmperf pni monitor cx16 popcnt lahf_lm cmp_legacy svm extapic cr8_legacy abm sse4a misalignsse 3dnowprefetch osvw ibs skinit wdt cpb hw_pstate npt lbrv svm_lock nrip_save pausefilter
bogomips	: 5618.62
TLB size	: 1024 4K pages
clflush size	: 64
cache_alignment	: 64
address sizes	: 48 bits physical, 48 bits virtual
power management: ts ttp tm stc 100mhzsteps hwpstate cpb

processor	: 1
vendor_id	: AuthenticAMD
cpu family	: 16
model		: 10
model name	: AMD Phenom(tm) II X6 1055T Processor
stepping	: 0
microcode	: 0x10000dc
cpu MHz		: 2200.000
cache size	: 512 KB
physical id	: 0
siblings	: 5
core id		: 1
cpu cores	: 5
apicid		: 1
initial apicid	: 1
fpu		: yes
fpu_exception	: yes
cpuid level	: 6
wp		: yes
flags		: fpu vme de pse tsc msr pae mce cx8 apic sep mtrr pge mca cmov pat pse36 clflush mmx fxsr sse sse2 ht syscall nx mmxext fxsr_opt pdpe1gb rdtscp lm 3dnowext 3dnow constant_tsc rep_good nopl nonstop_tsc extd_apicid aperfmperf pni monitor cx16 popcnt lahf_lm cmp_legacy svm extapic cr8_legacy abm sse4a misalignsse 3dnowprefetch osvw ibs skinit wdt cpb hw_pstate npt lbrv svm_lock nrip_save pausefilter
bogomips	: 5618.62
TLB size	: 1024 4K pages
clflush size	: 64
cache_alignment	: 64
address sizes	: 48 bits physical, 48 bits virtual
power management: ts ttp tm stc 100mhzsteps hwpstate cpb

processor	: 2
vendor_id	: AuthenticAMD
cpu family	: 16
model		: 10
model name	: AMD Phenom(tm) II X6 1055T Processor
stepping	: 0
microcode	: 0x10000dc
cpu MHz		: 800.000
cache size	: 512 KB
physical id	: 0
siblings	: 5
core id		: 2
cpu cores	: 5
apicid		: 2
initial apicid	: 2
fpu		: yes
fpu_exception	: yes
cpuid level	: 6
wp		: yes
flags		: fpu vme de pse tsc msr pae mce cx8 apic sep mtrr pge mca cmov pat pse36 clflush mmx fxsr sse sse2 ht syscall nx mmxext fxsr_opt pdpe1gb rdtscp lm 3dnowext 3dnow constant_tsc rep_good nopl nonstop_tsc extd_apicid aperfmperf pni monitor cx16 popcnt lahf_lm cmp_legacy svm extapic cr8_legacy abm sse4a misalignsse 3dnowprefetch osvw ibs skinit wdt cpb hw_pstate npt lbrv svm_lock nrip_save pausefilter
bogomips	: 5618.62
TLB size	: 1024 4K pages
clflush size	: 64
cache_alignment	: 64
address sizes	: 48 bits physical, 48 bits virtual
power management: ts ttp tm stc 100mhzsteps hwpstate cpb

processor	: 3
vendor_id	: AuthenticAMD
cpu family	: 16
model		: 10
model name	: AMD Phenom(tm) II X6 1055T Processor
stepping	: 0
microcode	: 0x10000dc
cpu MHz		: 1500.000
cache size	: 512 KB
physical id	: 0
siblings	: 5
core id		: 3
cpu cores	: 5
apicid		: 3
initial apicid	: 3
fpu		: yes
fpu_exception	: yes
cpuid level	: 6
wp		: yes
flags		: fpu vme de pse tsc msr pae mce cx8 apic sep mtrr pge mca cmov pat pse36 clflush mmx fxsr sse sse2 ht syscall nx mmxext fxsr_opt pdpe1gb rdtscp lm 3dnowext 3dnow constant_tsc rep_good nopl nonstop_tsc extd_apicid aperfmperf pni monitor cx16 popcnt lahf_lm cmp_legacy svm extapic cr8_legacy abm sse4a misalignsse 3dnowprefetch osvw ibs skinit wdt cpb hw_pstate npt lbrv svm_lock nrip_save pausefilter
bogomips	: 5618.62
TLB size	: 1024 4K pages
clflush size	: 64
cache_alignment	: 64
address sizes	: 48 bits physical, 48 bits virtual
power management: ts ttp tm stc 100mhzsteps hwpstate cpb

processor	: 4
vendor_id	: AuthenticAMD
cpu family	: 16
model		: 10
model name	: AMD Phenom(tm) II X6 1055T Processor
stepping	: 0
microcode	: 0x10000dc
cpu MHz		: 1500.000
cache size	: 512 KB
physical id	: 0
siblings	: 5
core id		: 4
cpu cores	: 5
apicid		: 4
initial apicid	: 4
fpu		: yes
fpu_exception	: yes
cpuid level	: 6
wp		: yes
flags		: fpu vme de pse tsc msr pae mce cx8 apic sep mtrr pge mca cmov pat pse36 clflush mmx fxsr sse sse2 ht syscall nx mmxext fxsr_opt pdpe1gb rdtscp lm 3dnowext 3dnow constant_tsc rep_good nopl nonstop_tsc extd_apicid aperfmperf pni monitor cx16 popcnt lahf_lm cmp_legacy svm extapic cr8_legacy abm sse4a misalignsse 3dnowprefetch osvw ibs skinit wdt cpb hw_pstate npt lbrv svm_lock nrip_save pausefilter
bogomips	: 5618.62
TLB size	: 1024 4K pages
clflush size	: 64
cache_alignment	: 64
address sizes	: 48 bits physical, 48 bits virtual
power management: ts ttp tm stc 100mhzsteps hwpstate cpb



Memory: 4k page, physical 4047984k(132420k free), swap 4191228k(3571944k free)

vm_info: Java HotSpot(TM) 64-Bit Server VM (23.25-b01) for linux-amd64 JRE (1.7.0_25-b15), built on Jun  5 2013 20:48:36 by "java_re" with gcc 4.3.0 20080428 (Red Hat 4.3.0-8)

time: Sat Sep 14 22:12:04 2013
elapsed time: 0 seconds

