#
# A fatal error has been detected by the Java Runtime Environment:
#
#  Internal Error (javaClasses.cpp:129), pid=19496, tid=139807439648512
#  fatal error: Invalid layout of preloaded class
#
# JRE version: 7.0_25-b15
# Java VM: Java HotSpot(TM) 64-Bit Server VM (23.25-b01 mixed mode linux-amd64 compressed oops)
# Failed to write core dump. Core dumps have been disabled. To enable core dumping, try "ulimit -c unlimited" before starting Java again
#
# If you would like to submit a bug report, please visit:
#   http://bugreport.sun.com/bugreport/crash.jsp
#

---------------  T H R E A D  ---------------

Current thread (0x00007f276c009000):  JavaThread "Unknown thread" [_thread_in_vm, id=19502, stack(0x00007f2774b6f000,0x00007f2774c70000)]

Stack: [0x00007f2774b6f000,0x00007f2774c70000],  sp=0x00007f2774c6e7a0,  free space=1021k
Native frames: (J=compiled Java code, j=interpreted, Vv=VM code, C=native code)
V  [libjvm.so+0x8a1d3a]  VMError::report_and_die()+0x2ea
V  [libjvm.so+0x407539]  report_fatal(char const*, int, char const*)+0x59
V  [libjvm.so+0x551f47]  compute_offset(int&, klassOopDesc*, Symbol*, Symbol*, bool)+0x137
V  [libjvm.so+0x553169]  java_lang_String::compute_offsets()+0x39
V  [libjvm.so+0x830ea3]  SystemDictionary::initialize_preloaded_classes(Thread*)+0x143
V  [libjvm.so+0x87cf44]  Universe::genesis(Thread*)+0x474
V  [libjvm.so+0x87d3f4]  universe2_init()+0x24
V  [libjvm.so+0x50036d]  init_globals()+0xbd
V  [libjvm.so+0x863a62]  Threads::create_vm(JavaVMInitArgs*, bool*)+0x1e2
V  [libjvm.so+0x55ff34]  JNI_CreateJavaVM+0x74
C  [libjli.so+0x2f8e]  JavaMain+0x9e


---------------  P R O C E S S  ---------------

Java Threads: ( => current thread )

Other Threads:

=>0x00007f276c009000 (exited) JavaThread "Unknown thread" [_thread_in_vm, id=19502, stack(0x00007f2774b6f000,0x00007f2774c70000)]

VM state:not at safepoint (not fully initialized)

VM Mutex/Monitor currently owned by a thread: None

GC Heap History (0 events):
No events

Deoptimization events (0 events):
No events

Internal exceptions (0 events):
No events

Events (10 events):
Event: 0.015 loading class 0x00007f276c02cb60 done
Event: 0.015 loading class 0x00007f276c02c400 done
Event: 0.015 loading class 0x00007f276c02c3d0
Event: 0.015 loading class 0x00007f276c057740
Event: 0.016 loading class 0x00007f276c057740 done
Event: 0.016 loading class 0x00007f276c057780
Event: 0.016 loading class 0x00007f276c057780 done
Event: 0.016 loading class 0x00007f276c0577c0
Event: 0.016 loading class 0x00007f276c0577c0 done
Event: 0.016 loading class 0x00007f276c02c3d0 done


Dynamic libraries:
00400000-00401000 r-xp 00000000 08:11 2139404                            /usr/lib/jvm/java-7-oracle/jre/bin/java
00600000-00601000 rw-p 00000000 08:11 2139404                            /usr/lib/jvm/java-7-oracle/jre/bin/java
01413000-01434000 rw-p 00000000 00:00 0                                  [heap]
bd000000-be4c0000 rw-p 00000000 00:00 0 
be4c0000-c2200000 rw-p 00000000 00:00 0 
c2200000-c4b40000 rw-p 00000000 00:00 0 
c4b40000-eb600000 rw-p 00000000 00:00 0 
eb600000-eca90000 rw-p 00000000 00:00 0 
eca90000-100000000 rw-p 00000000 00:00 0 
7f274c000000-7f274c021000 rw-p 00000000 00:00 0 
7f274c021000-7f2750000000 ---p 00000000 00:00 0 
7f2754000000-7f2754021000 rw-p 00000000 00:00 0 
7f2754021000-7f2758000000 ---p 00000000 00:00 0 
7f2759e80000-7f275c000000 rw-p 00000000 00:00 0 
7f275c000000-7f275c021000 rw-p 00000000 00:00 0 
7f275c021000-7f2760000000 ---p 00000000 00:00 0 
7f2760000000-7f2760021000 rw-p 00000000 00:00 0 
7f2760021000-7f2764000000 ---p 00000000 00:00 0 
7f2764000000-7f2764021000 rw-p 00000000 00:00 0 
7f2764021000-7f2768000000 ---p 00000000 00:00 0 
7f2769000000-7f2769270000 rwxp 00000000 00:00 0 
7f2769270000-7f276c061000 rw-p 00000000 00:00 0 
7f276c061000-7f2770000000 ---p 00000000 00:00 0 
7f2770bad000-7f2770ddc000 rw-p 00000000 00:00 0 
7f2770ddc000-7f2770ea6000 r--s 011ad000 08:11 2774287                    /home/lexruee/tools/android-sdk-linux/platforms/android-18/android.jar
7f2770ea6000-7f277172e000 rw-p 00000000 00:00 0 
7f277172e000-7f277172f000 ---p 00000000 00:00 0 
7f277172f000-7f277182f000 rw-p 00000000 00:00 0                          [stack:19507]
7f277182f000-7f2771830000 ---p 00000000 00:00 0 
7f2771830000-7f2771930000 rw-p 00000000 00:00 0                          [stack:19506]
7f2771930000-7f2771931000 ---p 00000000 00:00 0 
7f2771931000-7f2771a31000 rw-p 00000000 00:00 0                          [stack:19505]
7f2771a31000-7f2771a32000 ---p 00000000 00:00 0 
7f2771a32000-7f2771b32000 rw-p 00000000 00:00 0                          [stack:19504]
7f2771b32000-7f2771b33000 ---p 00000000 00:00 0 
7f2771b33000-7f2771c3e000 rw-p 00000000 00:00 0                          [stack:19503]
7f2771c3e000-7f2771c5c000 rw-p 00000000 00:00 0 
7f2771c5c000-7f2771c71000 rw-p 00000000 00:00 0 
7f2771c71000-7f2771da6000 rw-p 00000000 00:00 0 
7f2771da6000-7f2771db1000 rw-p 00000000 00:00 0 
7f2771db1000-7f2771dcf000 rw-p 00000000 00:00 0 
7f2771dcf000-7f2771de4000 rw-p 00000000 00:00 0 
7f2771de4000-7f2771f19000 rw-p 00000000 00:00 0 
7f2771f19000-7f2771f24000 rw-p 00000000 00:00 0 
7f2771f24000-7f2771fbe000 rw-p 00000000 00:00 0 
7f2771fbe000-7f2771fbf000 rw-p 00000000 00:00 0 
7f2771fbf000-7f2771fda000 r-xp 00000000 08:11 2140080                    /usr/lib/jvm/java-7-oracle/jre/lib/amd64/libzip.so
7f2771fda000-7f27721d9000 ---p 0001b000 08:11 2140080                    /usr/lib/jvm/java-7-oracle/jre/lib/amd64/libzip.so
7f27721d9000-7f27721da000 rw-p 0001a000 08:11 2140080                    /usr/lib/jvm/java-7-oracle/jre/lib/amd64/libzip.so
7f27721da000-7f27721e6000 r-xp 00000000 08:11 134954                     /lib/x86_64-linux-gnu/libnss_files-2.17.so
7f27721e6000-7f27723e5000 ---p 0000c000 08:11 134954                     /lib/x86_64-linux-gnu/libnss_files-2.17.so
7f27723e5000-7f27723e6000 r--p 0000b000 08:11 134954                     /lib/x86_64-linux-gnu/libnss_files-2.17.so
7f27723e6000-7f27723e7000 rw-p 0000c000 08:11 134954                     /lib/x86_64-linux-gnu/libnss_files-2.17.so
7f27723e7000-7f27723f2000 r-xp 00000000 08:11 134958                     /lib/x86_64-linux-gnu/libnss_nis-2.17.so
7f27723f2000-7f27725f1000 ---p 0000b000 08:11 134958                     /lib/x86_64-linux-gnu/libnss_nis-2.17.so
7f27725f1000-7f27725f2000 r--p 0000a000 08:11 134958                     /lib/x86_64-linux-gnu/libnss_nis-2.17.so
7f27725f2000-7f27725f3000 rw-p 0000b000 08:11 134958                     /lib/x86_64-linux-gnu/libnss_nis-2.17.so
7f27725f3000-7f277260a000 r-xp 00000000 08:11 134948                     /lib/x86_64-linux-gnu/libnsl-2.17.so
7f277260a000-7f2772809000 ---p 00017000 08:11 134948                     /lib/x86_64-linux-gnu/libnsl-2.17.so
7f2772809000-7f277280a000 r--p 00016000 08:11 134948                     /lib/x86_64-linux-gnu/libnsl-2.17.so
7f277280a000-7f277280b000 rw-p 00017000 08:11 134948                     /lib/x86_64-linux-gnu/libnsl-2.17.so
7f277280b000-7f277280d000 rw-p 00000000 00:00 0 
7f277280d000-7f2772815000 r-xp 00000000 08:11 134950                     /lib/x86_64-linux-gnu/libnss_compat-2.17.so
7f2772815000-7f2772a14000 ---p 00008000 08:11 134950                     /lib/x86_64-linux-gnu/libnss_compat-2.17.so
7f2772a14000-7f2772a15000 r--p 00007000 08:11 134950                     /lib/x86_64-linux-gnu/libnss_compat-2.17.so
7f2772a15000-7f2772a16000 rw-p 00008000 08:11 134950                     /lib/x86_64-linux-gnu/libnss_compat-2.17.so
7f2772a16000-7f2772a3f000 r-xp 00000000 08:11 2140104                    /usr/lib/jvm/java-7-oracle/jre/lib/amd64/libjava.so
7f2772a3f000-7f2772c3f000 ---p 00029000 08:11 2140104                    /usr/lib/jvm/java-7-oracle/jre/lib/amd64/libjava.so
7f2772c3f000-7f2772c41000 rw-p 00029000 08:11 2140104                    /usr/lib/jvm/java-7-oracle/jre/lib/amd64/libjava.so
7f2772c41000-7f2772c4e000 r-xp 00000000 08:11 2140098                    /usr/lib/jvm/java-7-oracle/jre/lib/amd64/libverify.so
7f2772c4e000-7f2772e4d000 ---p 0000d000 08:11 2140098                    /usr/lib/jvm/java-7-oracle/jre/lib/amd64/libverify.so
7f2772e4d000-7f2772e4f000 rw-p 0000c000 08:11 2140098                    /usr/lib/jvm/java-7-oracle/jre/lib/amd64/libverify.so
7f2772e4f000-7f2772e56000 r-xp 00000000 08:11 135001                     /lib/x86_64-linux-gnu/librt-2.17.so
7f2772e56000-7f2773055000 ---p 00007000 08:11 135001                     /lib/x86_64-linux-gnu/librt-2.17.so
7f2773055000-7f2773056000 r--p 00006000 08:11 135001                     /lib/x86_64-linux-gnu/librt-2.17.so
7f2773056000-7f2773057000 rw-p 00007000 08:11 135001                     /lib/x86_64-linux-gnu/librt-2.17.so
7f2773057000-7f277315a000 r-xp 00000000 08:11 134929                     /lib/x86_64-linux-gnu/libm-2.17.so
7f277315a000-7f277335a000 ---p 00103000 08:11 134929                     /lib/x86_64-linux-gnu/libm-2.17.so
7f277335a000-7f277335b000 r--p 00103000 08:11 134929                     /lib/x86_64-linux-gnu/libm-2.17.so
7f277335b000-7f277335c000 rw-p 00104000 08:11 134929                     /lib/x86_64-linux-gnu/libm-2.17.so
7f277335c000-7f2773d9d000 r-xp 00000000 08:11 2140072                    /usr/lib/jvm/java-7-oracle/jre/lib/amd64/server/libjvm.so
7f2773d9d000-7f2773f9d000 ---p 00a41000 08:11 2140072                    /usr/lib/jvm/java-7-oracle/jre/lib/amd64/server/libjvm.so
7f2773f9d000-7f2774040000 rw-p 00a41000 08:11 2140072                    /usr/lib/jvm/java-7-oracle/jre/lib/amd64/server/libjvm.so
7f2774040000-7f277407c000 rw-p 00000000 00:00 0 
7f277407c000-7f277423a000 r-xp 00000000 08:11 134881                     /lib/x86_64-linux-gnu/libc-2.17.so
7f277423a000-7f2774439000 ---p 001be000 08:11 134881                     /lib/x86_64-linux-gnu/libc-2.17.so
7f2774439000-7f277443d000 r--p 001bd000 08:11 134881                     /lib/x86_64-linux-gnu/libc-2.17.so
7f277443d000-7f277443f000 rw-p 001c1000 08:11 134881                     /lib/x86_64-linux-gnu/libc-2.17.so
7f277443f000-7f2774444000 rw-p 00000000 00:00 0 
7f2774444000-7f2774447000 r-xp 00000000 08:11 134896                     /lib/x86_64-linux-gnu/libdl-2.17.so
7f2774447000-7f2774646000 ---p 00003000 08:11 134896                     /lib/x86_64-linux-gnu/libdl-2.17.so
7f2774646000-7f2774647000 r--p 00002000 08:11 134896                     /lib/x86_64-linux-gnu/libdl-2.17.so
7f2774647000-7f2774648000 rw-p 00003000 08:11 134896                     /lib/x86_64-linux-gnu/libdl-2.17.so
7f2774648000-7f277465e000 r-xp 00000000 08:11 2140086                    /usr/lib/jvm/java-7-oracle/jre/lib/amd64/jli/libjli.so
7f277465e000-7f277485e000 ---p 00016000 08:11 2140086                    /usr/lib/jvm/java-7-oracle/jre/lib/amd64/jli/libjli.so
7f277485e000-7f277485f000 rw-p 00016000 08:11 2140086                    /usr/lib/jvm/java-7-oracle/jre/lib/amd64/jli/libjli.so
7f277485f000-7f2774877000 r-xp 00000000 08:11 134993                     /lib/x86_64-linux-gnu/libpthread-2.17.so
7f2774877000-7f2774a76000 ---p 00018000 08:11 134993                     /lib/x86_64-linux-gnu/libpthread-2.17.so
7f2774a76000-7f2774a77000 r--p 00017000 08:11 134993                     /lib/x86_64-linux-gnu/libpthread-2.17.so
7f2774a77000-7f2774a78000 rw-p 00018000 08:11 134993                     /lib/x86_64-linux-gnu/libpthread-2.17.so
7f2774a78000-7f2774a7c000 rw-p 00000000 00:00 0 
7f2774a7c000-7f2774a9f000 r-xp 00000000 08:11 134857                     /lib/x86_64-linux-gnu/ld-2.17.so
7f2774aaf000-7f2774ab9000 rw-p 00000000 00:00 0 
7f2774ab9000-7f2774b6f000 rw-p 00000000 00:00 0 
7f2774b6f000-7f2774b72000 ---p 00000000 00:00 0 
7f2774b72000-7f2774c74000 rw-p 00000000 00:00 0                          [stack:19502]
7f2774c90000-7f2774c92000 rw-p 00000000 00:00 0 
7f2774c92000-7f2774c9a000 rw-s 00000000 08:11 1573035                    /tmp/hsperfdata_lexruee/19496
7f2774c9a000-7f2774c9b000 rw-p 00000000 00:00 0 
7f2774c9b000-7f2774c9c000 r--p 00000000 00:00 0 
7f2774c9c000-7f2774c9e000 rw-p 00000000 00:00 0 
7f2774c9e000-7f2774c9f000 r--p 00022000 08:11 134857                     /lib/x86_64-linux-gnu/ld-2.17.so
7f2774c9f000-7f2774ca1000 rw-p 00023000 08:11 134857                     /lib/x86_64-linux-gnu/ld-2.17.so
7fff4b5bd000-7fff4b5de000 rw-p 00000000 00:00 0                          [stack]
7fff4b5fe000-7fff4b600000 r-xp 00000000 00:00 0                          [vdso]
ffffffffff600000-ffffffffff601000 r-xp 00000000 00:00 0                  [vsyscall]

VM Arguments:
jvm_args: -Dfile.encoding=UTF-8 -Xbootclasspath:/home/lexruee/tools/android-sdk-linux/platforms/android-18/android.jar 
java_command: org.eclipse.jdt.internal.junit.runner.RemoteTestRunner -version 3 -port 45291 -testLoaderClass org.eclipse.jdt.internal.junit4.runner.JUnit4TestLoader -loaderpluginname org.eclipse.jdt.junit4.runtime -classNames ch.xonix.querybuilder.test.QueryBuilderTest
Launcher Type: SUN_STANDARD

Environment Variables:
PATH=/usr/local/sbin:/usr/local/bin:/usr/sbin:/usr/bin:/sbin:/bin:/usr/games:/usr/local/games:/home/lexruee/projects/cakephp/lib/Cake/Console:/home/lexruee/sbt/bin
USERNAME=lexruee
SHELL=/bin/bash
DISPLAY=:0

Signal Handlers:
SIGSEGV: [libjvm.so+0x8a26a0], sa_mask[0]=0x7ffbfeff, sa_flags=0x10000004
SIGBUS: [libjvm.so+0x8a26a0], sa_mask[0]=0x7ffbfeff, sa_flags=0x10000004
SIGFPE: [libjvm.so+0x73f3d0], sa_mask[0]=0x7ffbfeff, sa_flags=0x10000004
SIGPIPE: [libjvm.so+0x73f3d0], sa_mask[0]=0x7ffbfeff, sa_flags=0x10000004
SIGXFSZ: [libjvm.so+0x73f3d0], sa_mask[0]=0x7ffbfeff, sa_flags=0x10000004
SIGILL: [libjvm.so+0x73f3d0], sa_mask[0]=0x7ffbfeff, sa_flags=0x10000004
SIGUSR1: SIG_DFL, sa_mask[0]=0x00000000, sa_flags=0x00000000
SIGUSR2: [libjvm.so+0x73ed20], sa_mask[0]=0x00000004, sa_flags=0x10000004
SIGHUP: SIG_DFL, sa_mask[0]=0x00000000, sa_flags=0x00000000
SIGINT: SIG_DFL, sa_mask[0]=0x00000000, sa_flags=0x00000000
SIGTERM: SIG_DFL, sa_mask[0]=0x00000000, sa_flags=0x00000000
SIGQUIT: SIG_DFL, sa_mask[0]=0x00000000, sa_flags=0x00000000


---------------  S Y S T E M  ---------------

OS:wheezy/sid

uname:Linux 3.8.0-26-generic #38-Ubuntu SMP Mon Jun 17 21:43:33 UTC 2013 x86_64
libc:glibc 2.17 NPTL 2.17 
rlimit: STACK 8192k, CORE 0k, NPROC 30840, NOFILE 4096, AS infinity
load average:0.51 0.73 0.90

/proc/meminfo:
MemTotal:        4047984 kB
MemFree:          125824 kB
Buffers:           11592 kB
Cached:           264324 kB
SwapCached:        72024 kB
Active:          2596864 kB
Inactive:         986176 kB
Active(anon):    2496404 kB
Inactive(anon):   835500 kB
Active(file):     100460 kB
Inactive(file):   150676 kB
Unevictable:           0 kB
Mlocked:               0 kB
SwapTotal:       4191228 kB
SwapFree:        3571944 kB
Dirty:               992 kB
Writeback:             0 kB
AnonPages:       3269396 kB
Mapped:            87756 kB
Shmem:             24812 kB
Slab:              70824 kB
SReclaimable:      35924 kB
SUnreclaim:        34900 kB
KernelStack:        4600 kB
PageTables:        50716 kB
NFS_Unstable:          0 kB
Bounce:                0 kB
WritebackTmp:          0 kB
CommitLimit:     6215220 kB
Committed_AS:    7269532 kB
VmallocTotal:   34359738367 kB
VmallocUsed:      287840 kB
VmallocChunk:   34359357152 kB
HardwareCorrupted:     0 kB
AnonHugePages:         0 kB
HugePages_Total:       0
HugePages_Free:        0
HugePages_Rsvd:        0
HugePages_Surp:        0
Hugepagesize:       2048 kB
DirectMap4k:       66112 kB
DirectMap2M:     2029568 kB
DirectMap1G:     2097152 kB


CPU:total 5 (5 cores per cpu, 1 threads per core) family 16 model 10 stepping 0, cmov, cx8, fxsr, mmx, sse, sse2, sse3, popcnt, mmxext, 3dnowpref, lzcnt, sse4a, tsc, tscinvbit, tscinv

/proc/cpuinfo:
processor	: 0
vendor_id	: AuthenticAMD
cpu family	: 16
model		: 10
model name	: AMD Phenom(tm) II X6 1055T Processor
stepping	: 0
microcode	: 0x10000dc
cpu MHz		: 800.000
cache size	: 512 KB
physical id	: 0
siblings	: 5
core id		: 0
cpu cores	: 5
apicid		: 0
initial apicid	: 0
fpu		: yes
fpu_exception	: yes
cpuid level	: 6
wp		: yes
flags		: fpu vme de pse tsc msr pae mce cx8 apic sep mtrr pge mca cmov pat pse36 clflush mmx fxsr sse sse2 ht syscall nx mmxext fxsr_opt pdpe1gb rdtscp lm 3dnowext 3dnow constant_tsc rep_good nopl nonstop_tsc extd_apicid aperfmperf pni monitor cx16 popcnt lahf_lm cmp_legacy svm extapic cr8_legacy abm sse4a misalignsse 3dnowprefetch osvw ibs skinit wdt cpb hw_pstate npt lbrv svm_lock nrip_save pausefilter
bogomips	: 5618.62
TLB size	: 1024 4K pages
clflush size	: 64
cache_alignment	: 64
address sizes	: 48 bits physical, 48 bits virtual
power management: ts ttp tm stc 100mhzsteps hwpstate cpb

processor	: 1
vendor_id	: AuthenticAMD
cpu family	: 16
model		: 10
model name	: AMD Phenom(tm) II X6 1055T Processor
stepping	: 0
microcode	: 0x10000dc
cpu MHz		: 2800.000
cache size	: 512 KB
physical id	: 0
siblings	: 5
core id		: 1
cpu cores	: 5
apicid		: 1
initial apicid	: 1
fpu		: yes
fpu_exception	: yes
cpuid level	: 6
wp		: yes
flags		: fpu vme de pse tsc msr pae mce cx8 apic sep mtrr pge mca cmov pat pse36 clflush mmx fxsr sse sse2 ht syscall nx mmxext fxsr_opt pdpe1gb rdtscp lm 3dnowext 3dnow constant_tsc rep_good nopl nonstop_tsc extd_apicid aperfmperf pni monitor cx16 popcnt lahf_lm cmp_legacy svm extapic cr8_legacy abm sse4a misalignsse 3dnowprefetch osvw ibs skinit wdt cpb hw_pstate npt lbrv svm_lock nrip_save pausefilter
bogomips	: 5618.62
TLB size	: 1024 4K pages
clflush size	: 64
cache_alignment	: 64
address sizes	: 48 bits physical, 48 bits virtual
power management: ts ttp tm stc 100mhzsteps hwpstate cpb

processor	: 2
vendor_id	: AuthenticAMD
cpu family	: 16
model		: 10
model name	: AMD Phenom(tm) II X6 1055T Processor
stepping	: 0
microcode	: 0x10000dc
cpu MHz		: 2800.000
cache size	: 512 KB
physical id	: 0
siblings	: 5
core id		: 2
cpu cores	: 5
apicid		: 2
initial apicid	: 2
fpu		: yes
fpu_exception	: yes
cpuid level	: 6
wp		: yes
flags		: fpu vme de pse tsc msr pae mce cx8 apic sep mtrr pge mca cmov pat pse36 clflush mmx fxsr sse sse2 ht syscall nx mmxext fxsr_opt pdpe1gb rdtscp lm 3dnowext 3dnow constant_tsc rep_good nopl nonstop_tsc extd_apicid aperfmperf pni monitor cx16 popcnt lahf_lm cmp_legacy svm extapic cr8_legacy abm sse4a misalignsse 3dnowprefetch osvw ibs skinit wdt cpb hw_pstate npt lbrv svm_lock nrip_save pausefilter
bogomips	: 5618.62
TLB size	: 1024 4K pages
clflush size	: 64
cache_alignment	: 64
address sizes	: 48 bits physical, 48 bits virtual
power management: ts ttp tm stc 100mhzsteps hwpstate cpb

processor	: 3
vendor_id	: AuthenticAMD
cpu family	: 16
model		: 10
model name	: AMD Phenom(tm) II X6 1055T Processor
stepping	: 0
microcode	: 0x10000dc
cpu MHz		: 1500.000
cache size	: 512 KB
physical id	: 0
siblings	: 5
core id		: 3
cpu cores	: 5
apicid		: 3
initial apicid	: 3
fpu		: yes
fpu_exception	: yes
cpuid level	: 6
wp		: yes
flags		: fpu vme de pse tsc msr pae mce cx8 apic sep mtrr pge mca cmov pat pse36 clflush mmx fxsr sse sse2 ht syscall nx mmxext fxsr_opt pdpe1gb rdtscp lm 3dnowext 3dnow constant_tsc rep_good nopl nonstop_tsc extd_apicid aperfmperf pni monitor cx16 popcnt lahf_lm cmp_legacy svm extapic cr8_legacy abm sse4a misalignsse 3dnowprefetch osvw ibs skinit wdt cpb hw_pstate npt lbrv svm_lock nrip_save pausefilter
bogomips	: 5618.62
TLB size	: 1024 4K pages
clflush size	: 64
cache_alignment	: 64
address sizes	: 48 bits physical, 48 bits virtual
power management: ts ttp tm stc 100mhzsteps hwpstate cpb

processor	: 4
vendor_id	: AuthenticAMD
cpu family	: 16
model		: 10
model name	: AMD Phenom(tm) II X6 1055T Processor
stepping	: 0
microcode	: 0x10000dc
cpu MHz		: 800.000
cache size	: 512 KB
physical id	: 0
siblings	: 5
core id		: 4
cpu cores	: 5
apicid		: 4
initial apicid	: 4
fpu		: yes
fpu_exception	: yes
cpuid level	: 6
wp		: yes
flags		: fpu vme de pse tsc msr pae mce cx8 apic sep mtrr pge mca cmov pat pse36 clflush mmx fxsr sse sse2 ht syscall nx mmxext fxsr_opt pdpe1gb rdtscp lm 3dnowext 3dnow constant_tsc rep_good nopl nonstop_tsc extd_apicid aperfmperf pni monitor cx16 popcnt lahf_lm cmp_legacy svm extapic cr8_legacy abm sse4a misalignsse 3dnowprefetch osvw ibs skinit wdt cpb hw_pstate npt lbrv svm_lock nrip_save pausefilter
bogomips	: 5618.62
TLB size	: 1024 4K pages
clflush size	: 64
cache_alignment	: 64
address sizes	: 48 bits physical, 48 bits virtual
power management: ts ttp tm stc 100mhzsteps hwpstate cpb



Memory: 4k page, physical 4047984k(125824k free), swap 4191228k(3571944k free)

vm_info: Java HotSpot(TM) 64-Bit Server VM (23.25-b01) for linux-amd64 JRE (1.7.0_25-b15), built on Jun  5 2013 20:48:36 by "java_re" with gcc 4.3.0 20080428 (Red Hat 4.3.0-8)

time: Sat Sep 14 22:12:15 2013
elapsed time: 0 seconds

